<?xml version="1.0" encoding="UTF-8"?>
<testng-results skipped="0" failed="0" ignored="0" total="0" passed="0">
  <reporter-output>
  </reporter-output>
  <suite name="Default suite" duration-ms="14" started-at="2022-10-15T20:02:51 CDT" finished-at="2022-10-15T20:02:51 CDT">
    <groups>
    </groups>
    <test name="Default test" duration-ms="14" started-at="2022-10-15T20:02:51 CDT" finished-at="2022-10-15T20:02:51 CDT">
    </test> <!-- Default test -->
  </suite> <!-- Default suite -->
</testng-results>
